task manager >>> 13 Ğ³Ñ€ÑƒĞ´. 2016 22:18:35,133 INFO  [Thread-1] (Main) Tracking thread has been started
task manager >>> 13 Ğ³Ñ€ÑƒĞ´. 2016 22:18:35,133 INFO  [Thread-1] (Main) Tracking thread has been started
task manager >>> 13 Ğ³Ñ€ÑƒĞ´. 2016 22:19:02,518 INFO  [AWT-EventQueue-0] (RemoveEventListener) Task with name Ñ‚Ğ°ÑĞº was removed
task manager >>> 13 Ğ³Ñ€ÑƒĞ´. 2016 22:19:02,518 INFO  [AWT-EventQueue-0] (RemoveEventListener) Task with name Ñ‚Ğ°ÑĞº was removed
task manager >>> 13 Ğ³Ñ€ÑƒĞ´. 2016 22:19:03,381 INFO  [AWT-EventQueue-0] (RemoveEventListener) Task with name Repeat Task was removed
task manager >>> 13 Ğ³Ñ€ÑƒĞ´. 2016 22:19:03,381 INFO  [AWT-EventQueue-0] (RemoveEventListener) Task with name Repeat Task was removed
task manager >>> 13 Ğ³Ñ€ÑƒĞ´. 2016 22:20:51,298 INFO  [AWT-EventQueue-0] (AddEventListener) New Task was added
task manager >>> 13 Ğ³Ñ€ÑƒĞ´. 2016 22:20:51,298 INFO  [AWT-EventQueue-0] (AddEventListener) New Task was added
task manager >>> 13 Ğ³Ñ€ÑƒĞ´. 2016 22:21:50,101 INFO  [AWT-EventQueue-0] (AddEventListener) New Task was added
task manager >>> 13 Ğ³Ñ€ÑƒĞ´. 2016 22:21:50,101 INFO  [AWT-EventQueue-0] (AddEventListener) New Task was added
task manager >>> 13 Ğ³Ñ€ÑƒĞ´. 2016 22:22:44,941 INFO  [AWT-EventQueue-0] (AddEventListener) New Task was added
task manager >>> 13 Ğ³Ñ€ÑƒĞ´. 2016 22:22:44,941 INFO  [AWT-EventQueue-0] (AddEventListener) New Task was added
task manager >>> 13 Ğ³Ñ€ÑƒĞ´. 2016 22:24:09,788 INFO  [Thread-1] (Main) Tracking thread has been started
task manager >>> 13 Ğ³Ñ€ÑƒĞ´. 2016 22:24:09,788 INFO  [Thread-1] (Main) Tracking thread has been started
task manager >>> 13 Ğ³Ñ€ÑƒĞ´. 2016 22:34:10,258 INFO  [Thread-1] (Main) Tracking thread has been started
task manager >>> 13 Ğ³Ñ€ÑƒĞ´. 2016 22:34:10,258 INFO  [Thread-1] (Main) Tracking thread has been started
task manager >>> 13 Ğ³Ñ€ÑƒĞ´. 2016 22:34:32,534 INFO  [Thread-1] (Main) Tracking thread has been started
task manager >>> 13 Ğ³Ñ€ÑƒĞ´. 2016 22:34:32,534 INFO  [Thread-1] (Main) Tracking thread has been started
task manager >>> 13 Ğ³Ñ€ÑƒĞ´. 2016 22:34:49,570 INFO  [Thread-1] (Main) Tracking thread has been started
task manager >>> 13 Ğ³Ñ€ÑƒĞ´. 2016 22:34:49,570 INFO  [Thread-1] (Main) Tracking thread has been started
task manager >>> 13 Ğ³Ñ€ÑƒĞ´. 2016 22:35:13,562 INFO  [Thread-1] (Main) Tracking thread has been started
task manager >>> 13 Ğ³Ñ€ÑƒĞ´. 2016 22:35:13,562 INFO  [Thread-1] (Main) Tracking thread has been started
task manager >>> 13 Ğ³Ñ€ÑƒĞ´. 2016 22:35:36,539 INFO  [Thread-1] (Main) Tracking thread has been started
task manager >>> 13 Ğ³Ñ€ÑƒĞ´. 2016 22:35:36,539 INFO  [Thread-1] (Main) Tracking thread has been started
task manager >>> 13 Ğ³Ñ€ÑƒĞ´. 2016 22:45:23,725 INFO  [Thread-1] (Main) Tracking thread has been started
task manager >>> 13 Ğ³Ñ€ÑƒĞ´. 2016 22:45:23,725 INFO  [Thread-1] (Main) Tracking thread has been started
task manager >>> 13 Ğ³Ñ€ÑƒĞ´. 2016 22:50:12,480 INFO  [Thread-1] (Main) Tracking thread has been started
task manager >>> 13 Ğ³Ñ€ÑƒĞ´. 2016 22:50:12,480 INFO  [Thread-1] (Main) Tracking thread has been started
task manager >>> 13 Ğ³Ñ€ÑƒĞ´. 2016 22:51:21,239 INFO  [Thread-1] (Main) Tracking thread has been started
task manager >>> 13 Ğ³Ñ€ÑƒĞ´. 2016 22:51:21,239 INFO  [Thread-1] (Main) Tracking thread has been started
task manager >>> 13 Ğ³Ñ€ÑƒĞ´. 2016 22:54:30,146 INFO  [Thread-1] (Main) Tracking thread has been started
task manager >>> 13 Ğ³Ñ€ÑƒĞ´. 2016 22:54:30,146 INFO  [Thread-1] (Main) Tracking thread has been started
task manager >>> 13 Ğ³Ñ€ÑƒĞ´. 2016 23:01:11,626 INFO  [Thread-1] (Main) Tracking thread has been started
task manager >>> 13 Ğ³Ñ€ÑƒĞ´. 2016 23:01:11,626 INFO  [Thread-1] (Main) Tracking thread has been started
task manager >>> 13 Ğ³Ñ€ÑƒĞ´. 2016 23:03:22,174 INFO  [Thread-1] (Main) Tracking thread has been started
task manager >>> 13 Ğ³Ñ€ÑƒĞ´. 2016 23:03:22,174 INFO  [Thread-1] (Main) Tracking thread has been started
task manager >>> 13 Ğ³Ñ€ÑƒĞ´. 2016 23:12:27,355 INFO  [Thread-1] (Main) Tracking thread has been started
task manager >>> 13 Ğ³Ñ€ÑƒĞ´. 2016 23:12:27,355 INFO  [Thread-1] (Main) Tracking thread has been started
task manager >>> 13 Ğ³Ñ€ÑƒĞ´. 2016 23:13:49,845 INFO  [Thread-1] (Main) Tracking thread has been started
task manager >>> 13 Ğ³Ñ€ÑƒĞ´. 2016 23:13:49,845 INFO  [Thread-1] (Main) Tracking thread has been started
task manager >>> 13 Ğ³Ñ€ÑƒĞ´. 2016 23:20:43,677 INFO  [Thread-1] (Main) Tracking thread has been started
task manager >>> 13 Ğ³Ñ€ÑƒĞ´. 2016 23:20:43,677 INFO  [Thread-1] (Main) Tracking thread has been started
task manager >>> 13 Ğ³Ñ€ÑƒĞ´. 2016 23:25:15,125 INFO  [Thread-1] (Main) Tracking thread has been started
task manager >>> 13 Ğ³Ñ€ÑƒĞ´. 2016 23:25:15,125 INFO  [Thread-1] (Main) Tracking thread has been started
task manager >>> 13 Ğ³Ñ€ÑƒĞ´. 2016 23:26:41,629 INFO  [Thread-1] (Main) Tracking thread has been started
task manager >>> 13 Ğ³Ñ€ÑƒĞ´. 2016 23:26:41,629 INFO  [Thread-1] (Main) Tracking thread has been started
task manager >>> 13 Ğ³Ñ€ÑƒĞ´. 2016 23:27:36,162 INFO  [Thread-1] (Main) Tracking thread has been started
task manager >>> 13 Ğ³Ñ€ÑƒĞ´. 2016 23:27:36,162 INFO  [Thread-1] (Main) Tracking thread has been started
task manager >>> 13 Ğ³Ñ€ÑƒĞ´. 2016 23:30:03,149 INFO  [Thread-1] (Main) Tracking thread has been started
task manager >>> 13 Ğ³Ñ€ÑƒĞ´. 2016 23:30:03,149 INFO  [Thread-1] (Main) Tracking thread has been started
task manager >>> 13 Ğ³Ñ€ÑƒĞ´. 2016 23:31:35,490 INFO  [Thread-1] (Main) Tracking thread has been started
task manager >>> 13 Ğ³Ñ€ÑƒĞ´. 2016 23:31:35,490 INFO  [Thread-1] (Main) Tracking thread has been started
task manager >>> 13 Ğ³Ñ€ÑƒĞ´. 2016 23:36:38,939 INFO  [Thread-1] (Main) Tracking thread has been started
task manager >>> 13 Ğ³Ñ€ÑƒĞ´. 2016 23:36:38,939 INFO  [Thread-1] (Main) Tracking thread has been started
task manager >>> 13 Ğ³Ñ€ÑƒĞ´. 2016 23:42:46,356 INFO  [Thread-1] (Main) Tracking thread has been started
task manager >>> 13 Ğ³Ñ€ÑƒĞ´. 2016 23:42:46,356 INFO  [Thread-1] (Main) Tracking thread has been started
task manager >>> 13 Ğ³Ñ€ÑƒĞ´. 2016 23:44:53,220 INFO  [Thread-1] (Main) Tracking thread has been started
task manager >>> 13 Ğ³Ñ€ÑƒĞ´. 2016 23:44:53,220 INFO  [Thread-1] (Main) Tracking thread has been started
task manager >>> 13 Ğ³Ñ€ÑƒĞ´. 2016 23:46:04,689 INFO  [Thread-1] (Main) Tracking thread has been started
task manager >>> 13 Ğ³Ñ€ÑƒĞ´. 2016 23:46:04,689 INFO  [Thread-1] (Main) Tracking thread has been started
task manager >>> 13 Ğ³Ñ€ÑƒĞ´. 2016 23:48:11,735 INFO  [Thread-1] (Main) Tracking thread has been started
task manager >>> 13 Ğ³Ñ€ÑƒĞ´. 2016 23:48:11,735 INFO  [Thread-1] (Main) Tracking thread has been started
task manager >>> 14 ãğóä. 2016 10:57:08,363 INFO  [Thread-1] (Main) Tracking thread has been started
task manager >>> 14 ãğóä. 2016 10:57:08,363 INFO  [Thread-1] (Main) Tracking thread has been started
