task manager >>> 13 РіСЂСѓРґ. 2016 22:18:35,133 INFO  [Thread-1] (Main) Tracking thread has been started
task manager >>> 13 РіСЂСѓРґ. 2016 22:18:35,133 INFO  [Thread-1] (Main) Tracking thread has been started
task manager >>> 13 РіСЂСѓРґ. 2016 22:19:02,518 INFO  [AWT-EventQueue-0] (RemoveEventListener) Task with name С‚Р°СЃРє was removed
task manager >>> 13 РіСЂСѓРґ. 2016 22:19:02,518 INFO  [AWT-EventQueue-0] (RemoveEventListener) Task with name С‚Р°СЃРє was removed
task manager >>> 13 РіСЂСѓРґ. 2016 22:19:03,381 INFO  [AWT-EventQueue-0] (RemoveEventListener) Task with name Repeat Task was removed
task manager >>> 13 РіСЂСѓРґ. 2016 22:19:03,381 INFO  [AWT-EventQueue-0] (RemoveEventListener) Task with name Repeat Task was removed
task manager >>> 13 РіСЂСѓРґ. 2016 22:20:51,298 INFO  [AWT-EventQueue-0] (AddEventListener) New Task was added
task manager >>> 13 РіСЂСѓРґ. 2016 22:20:51,298 INFO  [AWT-EventQueue-0] (AddEventListener) New Task was added
task manager >>> 13 РіСЂСѓРґ. 2016 22:21:50,101 INFO  [AWT-EventQueue-0] (AddEventListener) New Task was added
task manager >>> 13 РіСЂСѓРґ. 2016 22:21:50,101 INFO  [AWT-EventQueue-0] (AddEventListener) New Task was added
task manager >>> 13 РіСЂСѓРґ. 2016 22:22:44,941 INFO  [AWT-EventQueue-0] (AddEventListener) New Task was added
task manager >>> 13 РіСЂСѓРґ. 2016 22:22:44,941 INFO  [AWT-EventQueue-0] (AddEventListener) New Task was added
task manager >>> 13 РіСЂСѓРґ. 2016 22:24:09,788 INFO  [Thread-1] (Main) Tracking thread has been started
task manager >>> 13 РіСЂСѓРґ. 2016 22:24:09,788 INFO  [Thread-1] (Main) Tracking thread has been started
task manager >>> 13 РіСЂСѓРґ. 2016 22:34:10,258 INFO  [Thread-1] (Main) Tracking thread has been started
task manager >>> 13 РіСЂСѓРґ. 2016 22:34:10,258 INFO  [Thread-1] (Main) Tracking thread has been started
task manager >>> 13 РіСЂСѓРґ. 2016 22:34:32,534 INFO  [Thread-1] (Main) Tracking thread has been started
task manager >>> 13 РіСЂСѓРґ. 2016 22:34:32,534 INFO  [Thread-1] (Main) Tracking thread has been started
task manager >>> 13 РіСЂСѓРґ. 2016 22:34:49,570 INFO  [Thread-1] (Main) Tracking thread has been started
task manager >>> 13 РіСЂСѓРґ. 2016 22:34:49,570 INFO  [Thread-1] (Main) Tracking thread has been started
task manager >>> 13 РіСЂСѓРґ. 2016 22:35:13,562 INFO  [Thread-1] (Main) Tracking thread has been started
task manager >>> 13 РіСЂСѓРґ. 2016 22:35:13,562 INFO  [Thread-1] (Main) Tracking thread has been started
task manager >>> 13 РіСЂСѓРґ. 2016 22:35:36,539 INFO  [Thread-1] (Main) Tracking thread has been started
task manager >>> 13 РіСЂСѓРґ. 2016 22:35:36,539 INFO  [Thread-1] (Main) Tracking thread has been started
task manager >>> 13 РіСЂСѓРґ. 2016 22:45:23,725 INFO  [Thread-1] (Main) Tracking thread has been started
task manager >>> 13 РіСЂСѓРґ. 2016 22:45:23,725 INFO  [Thread-1] (Main) Tracking thread has been started
task manager >>> 13 РіСЂСѓРґ. 2016 22:50:12,480 INFO  [Thread-1] (Main) Tracking thread has been started
task manager >>> 13 РіСЂСѓРґ. 2016 22:50:12,480 INFO  [Thread-1] (Main) Tracking thread has been started
task manager >>> 13 РіСЂСѓРґ. 2016 22:51:21,239 INFO  [Thread-1] (Main) Tracking thread has been started
task manager >>> 13 РіСЂСѓРґ. 2016 22:51:21,239 INFO  [Thread-1] (Main) Tracking thread has been started
task manager >>> 13 РіСЂСѓРґ. 2016 22:54:30,146 INFO  [Thread-1] (Main) Tracking thread has been started
task manager >>> 13 РіСЂСѓРґ. 2016 22:54:30,146 INFO  [Thread-1] (Main) Tracking thread has been started
task manager >>> 13 РіСЂСѓРґ. 2016 23:01:11,626 INFO  [Thread-1] (Main) Tracking thread has been started
task manager >>> 13 РіСЂСѓРґ. 2016 23:01:11,626 INFO  [Thread-1] (Main) Tracking thread has been started
task manager >>> 13 РіСЂСѓРґ. 2016 23:03:22,174 INFO  [Thread-1] (Main) Tracking thread has been started
task manager >>> 13 РіСЂСѓРґ. 2016 23:03:22,174 INFO  [Thread-1] (Main) Tracking thread has been started
task manager >>> 14 груд. 2016 17:19:25,703 INFO  [Thread-1] (Main) Tracking thread has been started
task manager >>> 14 груд. 2016 17:19:25,703 INFO  [Thread-1] (Main) Tracking thread has been started
task manager >>> 14 груд. 2016 17:26:09,399 INFO  [Thread-1] (Main) Tracking thread has been started
task manager >>> 14 груд. 2016 17:26:09,399 INFO  [Thread-1] (Main) Tracking thread has been started
task manager >>> 14 груд. 2016 17:26:42,490 INFO  [AWT-EventQueue-0] (AddEventListener) New Task with nameновая задачаwas added
task manager >>> 14 груд. 2016 17:26:42,490 INFO  [AWT-EventQueue-0] (AddEventListener) New Task with nameновая задачаwas added
task manager >>> 14 груд. 2016 17:27:18,984 INFO  [AWT-EventQueue-0] (RemoveEventListener) Task with name новая задача was removed
task manager >>> 14 груд. 2016 17:27:18,984 INFO  [AWT-EventQueue-0] (RemoveEventListener) Task with name новая задача was removed
